{"/Users/timeaheidenreich/codefellows/401/02-tools-and-context/lab-timea/lib/list.js": {"path":"/Users/timeaheidenreich/codefellows/401/02-tools-and-context/lab-timea/lib/list.js","statementMap":{"0":{"start":{"line":5,"column":6},"end":{"line":5,"column":22}},"1":{"start":{"line":9,"column":6},"end":{"line":9,"column":33}},"2":{"start":{"line":13,"column":17},"end":{"line":13,"column":36}},"3":{"start":{"line":14,"column":6},"end":{"line":14,"column":33}},"4":{"start":{"line":15,"column":6},"end":{"line":15,"column":20}},"5":{"start":{"line":16,"column":6},"end":{"line":16,"column":18}},"6":{"start":{"line":20,"column":17},"end":{"line":20,"column":24}},"7":{"start":{"line":21,"column":18},"end":{"line":21,"column":20}},"8":{"start":{"line":22,"column":19},"end":{"line":22,"column":30}},"9":{"start":{"line":24,"column":6},"end":{"line":31,"column":7}},"10":{"start":{"line":26,"column":8},"end":{"line":28,"column":9}},"11":{"start":{"line":27,"column":10},"end":{"line":27,"column":31}},"12":{"start":{"line":29,"column":8},"end":{"line":29,"column":23}},"13":{"start":{"line":30,"column":8},"end":{"line":30,"column":21}},"14":{"start":{"line":33,"column":6},"end":{"line":35,"column":7}},"15":{"start":{"line":34,"column":8},"end":{"line":34,"column":27}},"16":{"start":{"line":37,"column":6},"end":{"line":37,"column":18}},"17":{"start":{"line":48,"column":6},"end":{"line":48,"column":85}},"18":{"start":{"line":48,"column":46},"end":{"line":48,"column":83}},"19":{"start":{"line":49,"column":6},"end":{"line":51,"column":7}},"20":{"start":{"line":50,"column":8},"end":{"line":50,"column":29}},"21":{"start":{"line":55,"column":6},"end":{"line":55,"column":65}},"22":{"start":{"line":55,"column":46},"end":{"line":55,"column":63}},"23":{"start":{"line":56,"column":19},"end":{"line":56,"column":29}},"24":{"start":{"line":57,"column":6},"end":{"line":59,"column":7}},"25":{"start":{"line":58,"column":8},"end":{"line":58,"column":42}},"26":{"start":{"line":60,"column":6},"end":{"line":60,"column":20}},"27":{"start":{"line":72,"column":2},"end":{"line":72,"column":24}}},"fnMap":{"0":{"name":"(anonymous_0)","decl":{"start":{"line":4,"column":4},"end":{"line":4,"column":5}},"loc":{"start":{"line":4,"column":18},"end":{"line":6,"column":5}},"line":4},"1":{"name":"(anonymous_1)","decl":{"start":{"line":8,"column":4},"end":{"line":8,"column":5}},"loc":{"start":{"line":8,"column":15},"end":{"line":10,"column":5}},"line":8},"2":{"name":"(anonymous_2)","decl":{"start":{"line":12,"column":4},"end":{"line":12,"column":5}},"loc":{"start":{"line":12,"column":10},"end":{"line":17,"column":5}},"line":12},"3":{"name":"(anonymous_3)","decl":{"start":{"line":19,"column":4},"end":{"line":19,"column":5}},"loc":{"start":{"line":19,"column":12},"end":{"line":38,"column":5}},"line":19},"4":{"name":"(anonymous_4)","decl":{"start":{"line":43,"column":4},"end":{"line":43,"column":5}},"loc":{"start":{"line":43,"column":17},"end":{"line":43,"column":19}},"line":43},"5":{"name":"(anonymous_5)","decl":{"start":{"line":47,"column":4},"end":{"line":47,"column":5}},"loc":{"start":{"line":47,"column":22},"end":{"line":52,"column":5}},"line":47},"6":{"name":"(anonymous_6)","decl":{"start":{"line":54,"column":4},"end":{"line":54,"column":5}},"loc":{"start":{"line":54,"column":18},"end":{"line":61,"column":5}},"line":54},"7":{"name":"(anonymous_7)","decl":{"start":{"line":63,"column":4},"end":{"line":63,"column":5}},"loc":{"start":{"line":63,"column":12},"end":{"line":63,"column":14}},"line":63},"8":{"name":"(anonymous_8)","decl":{"start":{"line":65,"column":4},"end":{"line":65,"column":5}},"loc":{"start":{"line":65,"column":12},"end":{"line":65,"column":14}},"line":65},"9":{"name":"(anonymous_9)","decl":{"start":{"line":67,"column":4},"end":{"line":67,"column":5}},"loc":{"start":{"line":67,"column":11},"end":{"line":67,"column":13}},"line":67},"10":{"name":"(anonymous_10)","decl":{"start":{"line":69,"column":4},"end":{"line":69,"column":5}},"loc":{"start":{"line":69,"column":12},"end":{"line":69,"column":14}},"line":69}},"branchMap":{"0":{"loc":{"start":{"line":26,"column":8},"end":{"line":28,"column":9}},"type":"if","locations":[{"start":{"line":26,"column":8},"end":{"line":28,"column":9}},{"start":{"line":26,"column":8},"end":{"line":28,"column":9}}],"line":26},"1":{"loc":{"start":{"line":48,"column":6},"end":{"line":48,"column":85}},"type":"if","locations":[{"start":{"line":48,"column":6},"end":{"line":48,"column":85}},{"start":{"line":48,"column":6},"end":{"line":48,"column":85}}],"line":48},"2":{"loc":{"start":{"line":55,"column":6},"end":{"line":55,"column":65}},"type":"if","locations":[{"start":{"line":55,"column":6},"end":{"line":55,"column":65}},{"start":{"line":55,"column":6},"end":{"line":55,"column":65}}],"line":55}},"s":{"0":10,"1":34,"2":2,"3":2,"4":2,"5":2,"6":2,"7":2,"8":2,"9":2,"10":6,"11":4,"12":6,"13":6,"14":2,"15":4,"16":2,"17":2,"18":1,"19":1,"20":3,"21":2,"22":1,"23":1,"24":1,"25":3,"26":1,"27":1},"f":{"0":10,"1":34,"2":2,"3":2,"4":0,"5":2,"6":2,"7":0,"8":0,"9":0,"10":0},"b":{"0":[4,2],"1":[1,1],"2":[1,1]},"_coverageSchema":"332fd63041d2c1bcb487cc26dd0d5f7d97098a6c","hash":"69777bd220e196b13f2035152722b462c063862e"}
}
