TN:
SF:/Users/timeaheidenreich/codefellows/401/02-tools-and-context/lab-timea/lib/list.js
FN:4,(anonymous_0)
FN:8,(anonymous_1)
FN:12,(anonymous_2)
FN:19,(anonymous_3)
FN:43,(anonymous_4)
FN:47,(anonymous_5)
FN:54,(anonymous_6)
FN:63,(anonymous_7)
FN:65,(anonymous_8)
FN:67,(anonymous_9)
FN:69,(anonymous_10)
FNF:11
FNH:6
FNDA:10,(anonymous_0)
FNDA:34,(anonymous_1)
FNDA:2,(anonymous_2)
FNDA:2,(anonymous_3)
FNDA:0,(anonymous_4)
FNDA:2,(anonymous_5)
FNDA:2,(anonymous_6)
FNDA:0,(anonymous_7)
FNDA:0,(anonymous_8)
FNDA:0,(anonymous_9)
FNDA:0,(anonymous_10)
DA:5,10
DA:9,34
DA:13,2
DA:14,2
DA:15,2
DA:16,2
DA:20,2
DA:21,2
DA:22,2
DA:24,2
DA:26,6
DA:27,4
DA:29,6
DA:30,6
DA:33,2
DA:34,4
DA:37,2
DA:48,2
DA:49,1
DA:50,3
DA:55,2
DA:56,1
DA:57,1
DA:58,3
DA:60,1
DA:72,1
LF:26
LH:26
BRDA:26,0,0,4
BRDA:26,0,1,2
BRDA:48,1,0,1
BRDA:48,1,1,1
BRDA:55,2,0,1
BRDA:55,2,1,1
BRF:6
BRH:6
end_of_record
