TN:
SF:/Users/timeaheidenreich/codefellows/401/02-tools-and-context/lab-timea/lib/list.js
FN:4,(anonymous_0)
FN:8,(anonymous_1)
FN:12,(anonymous_2)
FN:19,(anonymous_3)
FN:26,(anonymous_4)
FN:46,(anonymous_5)
FNF:6
FNH:6
FNDA:11,(anonymous_0)
FNDA:39,(anonymous_1)
FNDA:2,(anonymous_2)
FNDA:2,(anonymous_3)
FNDA:3,(anonymous_4)
FNDA:2,(anonymous_5)
DA:5,11
DA:9,39
DA:13,2
DA:14,2
DA:15,2
DA:16,2
DA:20,2
DA:21,1
DA:22,3
DA:27,3
DA:28,3
DA:29,3
DA:31,3
DA:33,9
DA:34,6
DA:36,9
DA:37,9
DA:40,3
DA:41,6
DA:43,3
DA:47,2
DA:48,1
DA:49,1
DA:50,3
DA:52,1
DA:55,1
LF:26
LH:26
BRDA:20,0,0,1
BRDA:20,0,1,1
BRDA:33,1,0,6
BRDA:33,1,1,3
BRDA:47,2,0,1
BRDA:47,2,1,1
BRF:6
BRH:6
end_of_record
